[joish.github.io/index.html]
[backblue.gif]
[fade.gif]
[index.html]
[joish.github.io/assets/img/favicon_io/favicon-32x32.png]
[joish.github.io/assets/img/favicon_io/apple-touch-icon.png]
[joish.github.io/assets/vendor/bootstrap/css/bootstrap.min.css]
[joish.github.io/assets/vendor/icofont/icofont.min.css]
[joish.github.io/assets/vendor/boxicons/css/boxicons.min.css]
[joish.github.io/assets/vendor/venobox/venobox.css]
[joish.github.io/assets/vendor/owl.carousel/assets/owl.carousel.min.css]
[joish.github.io/assets/vendor/aos/aos.css]
[joish.github.io/assets/css/style.css]
[joish.github.io/assets/img/about/1.png]
[joish.github.io/assets/vendor/jquery/jquery.min.js]
[joish.github.io/assets/vendor/bootstrap/js/bootstrap.bundle.min.js]
[joish.github.io/assets/vendor/jquery.easing/jquery.easing.min.js]
[joish.github.io/assets/vendor/php-email-form/validate.js]
[joish.github.io/assets/vendor/waypoints/jquery.waypoints.min.js]
[joish.github.io/assets/vendor/counterup/counterup.min.js]
[joish.github.io/assets/vendor/isotope-layout/isotope.pkgd.min.js]
[joish.github.io/assets/vendor/venobox/venobox.min.js]
[joish.github.io/assets/vendor/owl.carousel/owl.carousel.min.js]
[joish.github.io/assets/vendor/typed.js/typed.min.js]
[joish.github.io/assets/vendor/aos/aos.js]
[joish.github.io/assets/js/main.js]
[joish.github.io/index.html]
[joish.github.io/assets/vendor/bootstrap/css/bootstrap.min.css]
[joish.github.io/assets/vendor/icofont/fonts/icofont.woff2]
[joish.github.io/assets/vendor/icofont/fonts/icofont.woff]
[joish.github.io/assets/vendor/icofont/icofont.min.css]
[joish.github.io/assets/vendor/boxicons/fonts/boxicons.eot]
[joish.github.io/assets/vendor/boxicons/fonts/boxicons.woff2]
[joish.github.io/assets/vendor/boxicons/fonts/boxicons.woff]
[joish.github.io/assets/vendor/boxicons/fonts/boxicons.ttf]
[joish.github.io/assets/vendor/boxicons/css/boxicons.min.css]
[joish.github.io/assets/vendor/venobox/venobox.css]
[joish.github.io/assets/vendor/boxicons/fonts/boxiconsd41d.svg]
[joish.github.io/assets/vendor/owl.carousel/assets/owl.video.play.png]
[joish.github.io/assets/vendor/owl.carousel/assets/owl.carousel.min.css]
[joish.github.io/assets/vendor/aos/aos.css]
[joish.github.io/assets/img/home/8.jpg]
[joish.github.io/assets/css/style.css]
[joish.github.io/assets/vendor/boxicons/fonts/boxiconsd41d.svg]
